app/build/intermediates/manifest_merge_blame_file/debug/manifest-merger-blame-debug-report.txt
1<?xml version="1.0" encoding="utf-8"?>
2<manifest xmlns:android="http://schemas.android.com/apk/res/android"
3    package="com.keksec.coderswag"
4    android:versionCode="1"
5    android:versionName="1.0" >
6
7    <uses-sdk
8        android:minSdkVersion="19"
8-->src/main/AndroidManifest.xml
9        android:targetSdkVersion="29" />
9-->src/main/AndroidManifest.xml
10
11    <application
11-->src/main/AndroidManifest.xml:5:5-29:19
12        android:allowBackup="true"
12-->src/main/AndroidManifest.xml:6:9-35
13        android:appComponentFactory="androidx.core.app.CoreComponentFactory"
13-->[androidx.core:core:1.1.0] AndroidManifest.xml:24:18-86
14        android:debuggable="true"
15        android:icon="@mipmap/ic_launcher"
15-->src/main/AndroidManifest.xml:7:9-43
16        android:label="@string/app_name"
16-->src/main/AndroidManifest.xml:8:9-41
17        android:roundIcon="@mipmap/ic_launcher_round"
17-->src/main/AndroidManifest.xml:9:9-54
18        android:supportsRtl="true"
18-->src/main/AndroidManifest.xml:10:9-35
19        android:testOnly="true"
20        android:theme="@style/AppTheme" >
20-->src/main/AndroidManifest.xml:11:9-40
21        <activity android:name="com.keksec.coderswag.Controller.MainActivity" >
21-->src/main/AndroidManifest.xml:12:9-18:20
21-->src/main/AndroidManifest.xml:12:19-58
22            <intent-filter>
22-->src/main/AndroidManifest.xml:13:13-17:29
23                <action android:name="android.intent.action.MAIN" />
23-->src/main/AndroidManifest.xml:14:17-69
23-->src/main/AndroidManifest.xml:14:25-66
24
25                <category android:name="android.intent.category.LAUNCHER" />
25-->src/main/AndroidManifest.xml:16:17-77
25-->src/main/AndroidManifest.xml:16:27-74
26            </intent-filter>
27        </activity>
28        <activity android:name="com.keksec.coderswag.Controller.ProductsActivity" >
28-->src/main/AndroidManifest.xml:19:9-23:20
28-->src/main/AndroidManifest.xml:19:19-62
29            <intent-filter>
29-->src/main/AndroidManifest.xml:20:13-22:29
30                <category android:name="android.intent.category.LAUNCHER" />
30-->src/main/AndroidManifest.xml:16:17-77
30-->src/main/AndroidManifest.xml:16:27-74
31            </intent-filter>
32        </activity>
33        <activity android:name="com.keksec.coderswag.Controller.ProductDescriptionActivity" >
33-->src/main/AndroidManifest.xml:24:9-28:20
33-->src/main/AndroidManifest.xml:24:19-72
34            <intent-filter>
34-->src/main/AndroidManifest.xml:20:13-22:29
35                <category android:name="android.intent.category.LAUNCHER" />
35-->src/main/AndroidManifest.xml:16:17-77
35-->src/main/AndroidManifest.xml:16:27-74
36            </intent-filter>
37        </activity>
38    </application>
39
40</manifest>